2019-11-16 08:39:59.576 [main] DEBUG dlnu.o2oboot.O2oApplication - Running with Spring Boot v2.1.6.RELEASE, Spring v5.1.8.RELEASE
2019-11-16 08:41:42.330 [main] DEBUG dlnu.o2oboot.O2oApplication - Running with Spring Boot v2.1.6.RELEASE, Spring v5.1.8.RELEASE
2019-11-16 08:42:55.763 [http-nio-80-exec-6] DEBUG dlnu.o2oboot.dao.ShopDao.queryShopList - ==>  Preparing: select s.shop_id, s.shop_name, s.shop_desc, s.shop_addr, s.phone, s.shop_img, s.priority, s.create_time, s.last_edit_time, s.enable_status, s.advice, a.area_id,a.area_name, sc.shop_category_id,sc.shop_category_name, p.name,p.user_id from tb_shop s,tb_area a,tb_shop_category sc, tb_person_info p WHERE s.enable_status=? and s.area_id=a.area_id and s.shop_category_id=sc.shop_category_id and p.user_id = s.owner_id order by s.priority desc limit ?,? 
2019-11-16 08:42:55.887 [http-nio-80-exec-6] DEBUG dlnu.o2oboot.dao.ShopDao.queryShopList - ==> Parameters: 1(Integer), 0(Integer), 3(Integer)
2019-11-16 08:42:55.990 [http-nio-80-exec-6] DEBUG dlnu.o2oboot.dao.ShopDao.queryShopList - <==      Total: 3
2019-11-16 08:42:56.000 [http-nio-80-exec-6] DEBUG dlnu.o2oboot.dao.ShopDao.queryShopCount - ==>  Preparing: select count(1) from tb_shop s,tb_area a,tb_shop_category sc, tb_person_info p WHERE s.enable_status=? and s.area_id=a.area_id and s.shop_category_id=sc.shop_category_id and p.user_id = s.owner_id 
2019-11-16 08:42:56.001 [http-nio-80-exec-6] DEBUG dlnu.o2oboot.dao.ShopDao.queryShopCount - ==> Parameters: 1(Integer)
2019-11-16 08:42:56.050 [http-nio-80-exec-6] DEBUG dlnu.o2oboot.dao.ShopDao.queryShopCount - <==      Total: 1
2019-11-16 08:42:57.864 [http-nio-80-exec-1] DEBUG dlnu.o2oboot.dao.ShopDao.queryShopList - ==>  Preparing: select s.shop_id, s.shop_name, s.shop_desc, s.shop_addr, s.phone, s.shop_img, s.priority, s.create_time, s.last_edit_time, s.enable_status, s.advice, a.area_id,a.area_name, sc.shop_category_id,sc.shop_category_name, p.name,p.user_id from tb_shop s,tb_area a,tb_shop_category sc, tb_person_info p WHERE s.enable_status=? and s.area_id=a.area_id and s.shop_category_id=sc.shop_category_id and p.user_id = s.owner_id order by s.priority desc limit ?,? 
2019-11-16 08:42:57.866 [http-nio-80-exec-1] DEBUG dlnu.o2oboot.dao.ShopDao.queryShopList - ==> Parameters: 1(Integer), 3(Integer), 3(Integer)
2019-11-16 08:42:57.928 [http-nio-80-exec-1] DEBUG dlnu.o2oboot.dao.ShopDao.queryShopList - <==      Total: 3
2019-11-16 08:42:57.928 [http-nio-80-exec-1] DEBUG dlnu.o2oboot.dao.ShopDao.queryShopCount - ==>  Preparing: select count(1) from tb_shop s,tb_area a,tb_shop_category sc, tb_person_info p WHERE s.enable_status=? and s.area_id=a.area_id and s.shop_category_id=sc.shop_category_id and p.user_id = s.owner_id 
2019-11-16 08:42:57.929 [http-nio-80-exec-1] DEBUG dlnu.o2oboot.dao.ShopDao.queryShopCount - ==> Parameters: 1(Integer)
2019-11-16 08:42:57.986 [http-nio-80-exec-1] DEBUG dlnu.o2oboot.dao.ShopDao.queryShopCount - <==      Total: 1
2019-11-16 08:42:58.304 [http-nio-80-exec-7] DEBUG dlnu.o2oboot.dao.ShopDao.queryShopList - ==>  Preparing: select s.shop_id, s.shop_name, s.shop_desc, s.shop_addr, s.phone, s.shop_img, s.priority, s.create_time, s.last_edit_time, s.enable_status, s.advice, a.area_id,a.area_name, sc.shop_category_id,sc.shop_category_name, p.name,p.user_id from tb_shop s,tb_area a,tb_shop_category sc, tb_person_info p WHERE s.enable_status=? and s.area_id=a.area_id and s.shop_category_id=sc.shop_category_id and p.user_id = s.owner_id order by s.priority desc limit ?,? 
2019-11-16 08:42:58.305 [http-nio-80-exec-7] DEBUG dlnu.o2oboot.dao.ShopDao.queryShopList - ==> Parameters: 1(Integer), 6(Integer), 3(Integer)
2019-11-16 08:42:58.373 [http-nio-80-exec-7] DEBUG dlnu.o2oboot.dao.ShopDao.queryShopList - <==      Total: 3
2019-11-16 08:42:58.374 [http-nio-80-exec-7] DEBUG dlnu.o2oboot.dao.ShopDao.queryShopCount - ==>  Preparing: select count(1) from tb_shop s,tb_area a,tb_shop_category sc, tb_person_info p WHERE s.enable_status=? and s.area_id=a.area_id and s.shop_category_id=sc.shop_category_id and p.user_id = s.owner_id 
2019-11-16 08:42:58.374 [http-nio-80-exec-7] DEBUG dlnu.o2oboot.dao.ShopDao.queryShopCount - ==> Parameters: 1(Integer)
2019-11-16 08:42:58.431 [http-nio-80-exec-7] DEBUG dlnu.o2oboot.dao.ShopDao.queryShopCount - <==      Total: 1
2019-11-16 08:42:58.806 [http-nio-80-exec-8] DEBUG dlnu.o2oboot.dao.ShopDao.queryShopList - ==>  Preparing: select s.shop_id, s.shop_name, s.shop_desc, s.shop_addr, s.phone, s.shop_img, s.priority, s.create_time, s.last_edit_time, s.enable_status, s.advice, a.area_id,a.area_name, sc.shop_category_id,sc.shop_category_name, p.name,p.user_id from tb_shop s,tb_area a,tb_shop_category sc, tb_person_info p WHERE s.enable_status=? and s.area_id=a.area_id and s.shop_category_id=sc.shop_category_id and p.user_id = s.owner_id order by s.priority desc limit ?,? 
2019-11-16 08:42:58.807 [http-nio-80-exec-8] DEBUG dlnu.o2oboot.dao.ShopDao.queryShopList - ==> Parameters: 1(Integer), 9(Integer), 3(Integer)
2019-11-16 08:42:58.867 [http-nio-80-exec-8] DEBUG dlnu.o2oboot.dao.ShopDao.queryShopList - <==      Total: 1
2019-11-16 08:42:58.868 [http-nio-80-exec-8] DEBUG dlnu.o2oboot.dao.ShopDao.queryShopCount - ==>  Preparing: select count(1) from tb_shop s,tb_area a,tb_shop_category sc, tb_person_info p WHERE s.enable_status=? and s.area_id=a.area_id and s.shop_category_id=sc.shop_category_id and p.user_id = s.owner_id 
2019-11-16 08:42:58.869 [http-nio-80-exec-8] DEBUG dlnu.o2oboot.dao.ShopDao.queryShopCount - ==> Parameters: 1(Integer)
2019-11-16 08:42:58.927 [http-nio-80-exec-8] DEBUG dlnu.o2oboot.dao.ShopDao.queryShopCount - <==      Total: 1
2019-11-16 08:43:05.286 [http-nio-80-exec-6] DEBUG dlnu.o2oboot.dao.ShopDao.queryShopById - ==>  Preparing: select s.shop_id, s.shop_name, s.shop_desc, s.shop_addr, s.phone, s.shop_img, s.priority, s.create_time, s.last_edit_time, s.enable_status, s.advice, a.area_id,a.area_name, sc.shop_category_id,sc.shop_category_name from tb_shop s,tb_area a,tb_shop_category sc where s.area_id=a.area_id and s.shop_category_id=sc.shop_category_id and s.shop_id=? 
2019-11-16 08:43:05.286 [http-nio-80-exec-6] DEBUG dlnu.o2oboot.dao.ShopDao.queryShopById - ==> Parameters: 68(Long)
2019-11-16 08:43:05.305 [http-nio-80-exec-5] DEBUG dlnu.o2oboot.dao.ProductDao.queryProductList - ==>  Preparing: select * from tb_product WHERE shop_id=? order by priority desc limit ?,?; 
2019-11-16 08:43:05.305 [http-nio-80-exec-5] DEBUG dlnu.o2oboot.dao.ProductDao.queryProductList - ==> Parameters: 68(Long), 0(Integer), 3(Integer)
2019-11-16 08:43:05.348 [http-nio-80-exec-6] DEBUG dlnu.o2oboot.dao.ShopDao.queryShopById - <==      Total: 1
2019-11-16 08:43:05.349 [http-nio-80-exec-6] DEBUG d.o.d.P.queryProductCategoryListByShopId - ==>  Preparing: select * from tb_product_category where shop_id = ? order by priority desc 
2019-11-16 08:43:05.349 [http-nio-80-exec-6] DEBUG d.o.d.P.queryProductCategoryListByShopId - ==> Parameters: 68(Long)
2019-11-16 08:43:05.358 [http-nio-80-exec-5] DEBUG dlnu.o2oboot.dao.ProductDao.queryProductList - <==      Total: 3
2019-11-16 08:43:05.359 [http-nio-80-exec-5] DEBUG dlnu.o2oboot.dao.ProductDao.queryProductCount - ==>  Preparing: select count(1) from tb_product WHERE shop_id=? 
2019-11-16 08:43:05.359 [http-nio-80-exec-5] DEBUG dlnu.o2oboot.dao.ProductDao.queryProductCount - ==> Parameters: 68(Long)
2019-11-16 08:43:05.407 [http-nio-80-exec-6] DEBUG d.o.d.P.queryProductCategoryListByShopId - <==      Total: 11
2019-11-16 08:43:05.416 [http-nio-80-exec-5] DEBUG dlnu.o2oboot.dao.ProductDao.queryProductCount - <==      Total: 1
2019-11-16 08:43:06.325 [http-nio-80-exec-3] DEBUG dlnu.o2oboot.dao.ProductDao.queryProductList - ==>  Preparing: select * from tb_product WHERE shop_id=? order by priority desc limit ?,?; 
2019-11-16 08:43:06.326 [http-nio-80-exec-3] DEBUG dlnu.o2oboot.dao.ProductDao.queryProductList - ==> Parameters: 68(Long), 3(Integer), 3(Integer)
2019-11-16 08:43:06.392 [http-nio-80-exec-3] DEBUG dlnu.o2oboot.dao.ProductDao.queryProductList - <==      Total: 3
2019-11-16 08:43:06.392 [http-nio-80-exec-3] DEBUG dlnu.o2oboot.dao.ProductDao.queryProductCount - ==>  Preparing: select count(1) from tb_product WHERE shop_id=? 
2019-11-16 08:43:06.393 [http-nio-80-exec-3] DEBUG dlnu.o2oboot.dao.ProductDao.queryProductCount - ==> Parameters: 68(Long)
2019-11-16 08:43:06.450 [http-nio-80-exec-3] DEBUG dlnu.o2oboot.dao.ProductDao.queryProductCount - <==      Total: 1
2019-11-16 08:43:08.329 [http-nio-80-exec-9] DEBUG dlnu.o2oboot.dao.ProductDao.queryProductById - ==>  Preparing: select p.product_id, p.product_name, p.product_desc, p.img_addr, p.normal_price, p.promotion_price, p.priority, p.create_time, p.last_edit_time, p.enable_status, p.product_category_id, p.shop_id, pm.product_img_id, pm.img_addr as detail_img, pm.img_desc, pm.priority , pm.create_time from tb_product p left join tb_product_img pm on p.product_id=pm.product_id where p.product_id=? order by p.priority desc 
2019-11-16 08:43:08.329 [http-nio-80-exec-9] DEBUG dlnu.o2oboot.dao.ProductDao.queryProductById - ==> Parameters: 48(Long)
2019-11-16 08:43:08.391 [http-nio-80-exec-9] DEBUG dlnu.o2oboot.dao.ProductDao.queryProductById - <==      Total: 1
2019-11-16 08:43:30.169 [http-nio-80-exec-7] DEBUG dlnu.o2oboot.dao.ShopDao.queryShopList - ==>  Preparing: select s.shop_id, s.shop_name, s.shop_desc, s.shop_addr, s.phone, s.shop_img, s.priority, s.create_time, s.last_edit_time, s.enable_status, s.advice, a.area_id,a.area_name, sc.shop_category_id,sc.shop_category_name, p.name,p.user_id from tb_shop s,tb_area a,tb_shop_category sc, tb_person_info p WHERE s.enable_status=? and s.area_id=a.area_id and s.shop_category_id=sc.shop_category_id and p.user_id = s.owner_id order by s.priority desc limit ?,? 
2019-11-16 08:43:30.173 [http-nio-80-exec-7] DEBUG dlnu.o2oboot.dao.ShopDao.queryShopList - ==> Parameters: 1(Integer), 3(Integer), 3(Integer)
2019-11-16 08:43:30.238 [http-nio-80-exec-7] DEBUG dlnu.o2oboot.dao.ShopDao.queryShopList - <==      Total: 3
2019-11-16 08:43:30.243 [http-nio-80-exec-7] DEBUG dlnu.o2oboot.dao.ShopDao.queryShopCount - ==>  Preparing: select count(1) from tb_shop s,tb_area a,tb_shop_category sc, tb_person_info p WHERE s.enable_status=? and s.area_id=a.area_id and s.shop_category_id=sc.shop_category_id and p.user_id = s.owner_id 
2019-11-16 08:43:30.243 [http-nio-80-exec-7] DEBUG dlnu.o2oboot.dao.ShopDao.queryShopCount - ==> Parameters: 1(Integer)
2019-11-16 08:43:30.300 [http-nio-80-exec-7] DEBUG dlnu.o2oboot.dao.ShopDao.queryShopCount - <==      Total: 1
2019-11-16 08:43:50.493 [http-nio-80-exec-3] DEBUG dlnu.o2oboot.dao.ShopDao.queryShopList - ==>  Preparing: select s.shop_id, s.shop_name, s.shop_desc, s.shop_addr, s.phone, s.shop_img, s.priority, s.create_time, s.last_edit_time, s.enable_status, s.advice, a.area_id,a.area_name, sc.shop_category_id,sc.shop_category_name, p.name,p.user_id from tb_shop s,tb_area a,tb_shop_category sc, tb_person_info p WHERE s.owner_id=? and s.area_id=a.area_id and s.shop_category_id=sc.shop_category_id and p.user_id = s.owner_id order by s.priority desc limit ?,? 
2019-11-16 08:43:50.495 [http-nio-80-exec-3] DEBUG dlnu.o2oboot.dao.ShopDao.queryShopList - ==> Parameters: 9(Long), 0(Integer), 10(Integer)
2019-11-16 08:43:50.561 [http-nio-80-exec-3] DEBUG dlnu.o2oboot.dao.ShopDao.queryShopList - <==      Total: 10
2019-11-16 08:43:50.562 [http-nio-80-exec-3] DEBUG dlnu.o2oboot.dao.ShopDao.queryShopCount - ==>  Preparing: select count(1) from tb_shop s,tb_area a,tb_shop_category sc, tb_person_info p WHERE s.owner_id=? and s.area_id=a.area_id and s.shop_category_id=sc.shop_category_id and p.user_id = s.owner_id 
2019-11-16 08:43:50.562 [http-nio-80-exec-3] DEBUG dlnu.o2oboot.dao.ShopDao.queryShopCount - ==> Parameters: 9(Long)
2019-11-16 08:43:50.619 [http-nio-80-exec-3] DEBUG dlnu.o2oboot.dao.ShopDao.queryShopCount - <==      Total: 1
2019-11-16 08:44:48.166 [http-nio-80-exec-6] DEBUG dlnu.o2oboot.dao.ShopDao.queryShopList - ==>  Preparing: select s.shop_id, s.shop_name, s.shop_desc, s.shop_addr, s.phone, s.shop_img, s.priority, s.create_time, s.last_edit_time, s.enable_status, s.advice, a.area_id,a.area_name, sc.shop_category_id,sc.shop_category_name, p.name,p.user_id from tb_shop s,tb_area a,tb_shop_category sc, tb_person_info p WHERE s.owner_id=? and s.area_id=a.area_id and s.shop_category_id=sc.shop_category_id and p.user_id = s.owner_id order by s.priority desc limit ?,? 
2019-11-16 08:44:48.166 [http-nio-80-exec-6] DEBUG dlnu.o2oboot.dao.ShopDao.queryShopList - ==> Parameters: 9(Long), 0(Integer), 10(Integer)
2019-11-16 08:44:48.229 [http-nio-80-exec-6] DEBUG dlnu.o2oboot.dao.ShopDao.queryShopList - <==      Total: 10
2019-11-16 08:44:48.230 [http-nio-80-exec-6] DEBUG dlnu.o2oboot.dao.ShopDao.queryShopCount - ==>  Preparing: select count(1) from tb_shop s,tb_area a,tb_shop_category sc, tb_person_info p WHERE s.owner_id=? and s.area_id=a.area_id and s.shop_category_id=sc.shop_category_id and p.user_id = s.owner_id 
2019-11-16 08:44:48.230 [http-nio-80-exec-6] DEBUG dlnu.o2oboot.dao.ShopDao.queryShopCount - ==> Parameters: 9(Long)
2019-11-16 08:44:48.287 [http-nio-80-exec-6] DEBUG dlnu.o2oboot.dao.ShopDao.queryShopCount - <==      Total: 1
2019-11-16 08:44:49.227 [http-nio-80-exec-1] DEBUG dlnu.o2oboot.dao.ShopCategoryDao.queryShopCategory - ==>  Preparing: Select * from tb_shop_category WHERE parent_id is not null order by priority DESC 
2019-11-16 08:44:49.227 [http-nio-80-exec-1] DEBUG dlnu.o2oboot.dao.ShopCategoryDao.queryShopCategory - ==> Parameters: 
2019-11-16 08:44:49.285 [http-nio-80-exec-1] DEBUG dlnu.o2oboot.dao.ShopCategoryDao.queryShopCategory - <==      Total: 2
2019-11-16 08:45:34.563 [http-nio-80-exec-2] DEBUG dlnu.o2oboot.dao.ShopDao.insertShop - ==>  Preparing: insert into tb_shop(owner_id,area_id,shop_category_id,shop_name,shop_desc, shop_addr,phone,shop_img,priority,create_time,last_edit_time,enable_status,advice ) values( ?,?,?,? ,?,?,?,?,?,?, ?,?,? ) 
2019-11-16 08:45:34.565 [http-nio-80-exec-2] DEBUG dlnu.o2oboot.dao.ShopDao.insertShop - ==> Parameters: 9(Long), 5(Integer), 38(Long), 844(String), zxc(String), aa(String), 1231(String), null, null, 2019-11-16 08:45:34.56(Timestamp), 2019-11-16 08:45:34.56(Timestamp), 0(Integer), null
2019-11-16 08:45:34.682 [http-nio-80-exec-2] DEBUG dlnu.o2oboot.dao.ShopDao.insertShop - <==    Updates: 1
2019-11-16 08:45:34.910 [http-nio-80-exec-2] DEBUG dlnu.o2oboot.dao.ShopDao.updateShop - ==>  Preparing: update tb_shop SET shop_name=?, shop_desc=?, shop_addr=?, phone=?, shop_img=?, last_edit_time=?, enable_status=?, shop_category_id=?, area_id=? where shop_id=? 
2019-11-16 08:45:34.911 [http-nio-80-exec-2] DEBUG dlnu.o2oboot.dao.ShopDao.updateShop - ==> Parameters: 844(String), zxc(String), aa(String), 1231(String), /upload/item/shop/73/2019111608453413859.png(String), 2019-11-16 08:45:34.56(Timestamp), 0(Integer), 38(Long), 5(Integer), 73(Long)
2019-11-16 08:45:35.023 [http-nio-80-exec-2] DEBUG dlnu.o2oboot.dao.ShopDao.updateShop - <==    Updates: 1
